<?xml version="1.0" encoding="utf-8"?>
<TestRun id="f12c9e98-ff30-4d54-a2cf-d796d9a06493" name="@pkrvmjbmru5nbw0 2025-08-03 09:11:48" xmlns="http://microsoft.com/schemas/VisualStudio/TeamTest/2010">
  <Times creation="2025-08-03T09:11:48.3894076+00:00" queuing="2025-08-03T09:11:48.3894076+00:00" start="2025-08-03T09:11:47.6738384+00:00" finish="2025-08-03T09:11:48.3902932+00:00" />
  <TestSettings name="default" id="a9ae2051-b1d6-4657-9ac2-7b4499c58de4">
    <Deployment runDeploymentRoot="_pkrvmjbmru5nbw0_2025-08-03_09_11_48" />
  </TestSettings>
  <TestLists>
    <TestList name="Results Not in a List" id="8c84fa94-04c1-424b-9868-57a2d4851a1d" />
    <TestList name="All Loaded Results" id="19431567-8539-422a-85d7-44ee4e166bda" />
  </TestLists>
  <ResultSummary outcome="Completed">
    <Counters total="0" executed="0" passed="0" failed="0" error="0" timeout="0" aborted="0" inconclusive="0" passedButRunAborted="0" notRunnable="0" notExecuted="0" disconnected="0" warning="0" completed="0" inProgress="0" pending="0" />
    <Output>
      <StdOut>[xUnit.net 00:00:00.00] xUnit.net VSTest Adapter v3.1.3+b1b99bdeb3 (64-bit .NET 8.0.18)
[xUnit.net 00:00:00.12]   Discovering: SqlAPI
[xUnit.net 00:00:00.15]   Discovered:  SqlAPI
</StdOut>
    </Output>
    <RunInfos>
      <RunInfo computerName="pkrvmjbmru5nbw0" outcome="Warning" timestamp="2025-08-03T09:11:48.2977522+00:00">
        <Text>No test is available in /home/runner/work/SQLRestCSharp/SQLRestCSharp/bin/Debug/net8.0/SqlAPI.dll. Make sure that test discoverer &amp; executors are registered and platform &amp; framework version settings are appropriate and try again.</Text>
      </RunInfo>
    </RunInfos>
  </ResultSummary>
</TestRun>